Date: 25.06.2017
Time: 14:14
Level: SEVERE
Class: logic.ChangeCustomerData
Method: getConnection
Cause: java.lang.ClassNotFoundException: com.mysql.jdbc.Driver21
-----------------------------------------------------------------------------------
Date: 26.06.2017
Time: 10:06
Level: SEVERE
Class: DBHelper.DBHelper
Method: getConnection
Cause: java.lang.ClassNotFoundException: com.mysql.jdbc.Driver21
-----------------------------------------------------------------------------------
Date: 26.06.2017
Time: 10:06
Level: SEVERE
Class: logic.CourseList
Method: initialize
Cause: java.lang.IllegalAccessException
-----------------------------------------------------------------------------------
Date: 26.06.2017
Time: 20:06
Level: INFO
Class: DBHelper.DBHelper
Log info: Connecting to Database
-----------------------------------------------------------------------------------
Date: 26.06.2017
Time: 20:06
Level: INFO
Class: service.CourseService
Log info: Add new course name = ewqdsa
-----------------------------------------------------------------------------------
Date: 26.06.2017
Time: 20:06
Level: SEVERE
Class: service.CourseService
Method: addPhysicalCourse
Cause: com.mysql.jdbc.exceptions.jdbc4.MySQLIntegrityConstraintViolationException: Column 'start' cannot be null
-----------------------------------------------------------------------------------
Date: 27.06.2017
Time: 09:06
Level: INFO
Class: DBHelper.DBHelper
Log info: Connecting to Database
-----------------------------------------------------------------------------------
Date: 27.06.2017
Time: 09:06
Level: INFO
Class: DBHelper.DBHelper
Log info: Connecting to Database
-----------------------------------------------------------------------------------
Date: 27.06.2017
Time: 09:06
Level: INFO
Class: DBHelper.DBHelper
Log info: Connecting to Database
-----------------------------------------------------------------------------------
